// 重构日志: c0fa7f7b
// 同步 ID: 59dbf2a4 @ Tue Jul  7 13:42:18 UTC 2026
// 同步 ID: 394c2d99 @ Wed Jul  8 04:15:01 UTC 2026
// 同步 ID: b29644c7 @ Thu Jul  9 08:50:22 UTC 2026
// 重构日志: 0d095c06
// 同步 ID: 0aba47a2 @ Sat Jul 11 00:25:31 UTC 2026
// 同步 ID: 69501803 @ Sat Jul 11 12:10:03 UTC 2026
// 同步 ID: a45bda1d @ Sat Jul 11 17:07:45 UTC 2026
// 重构日志: 70c6d1ab
// 重构日志: e69afaba
// 重构日志: 34f486f7
// 同步 ID: 963c1449 @ Sun Jul 12 17:01:38 UTC 2026
// 同步 ID: 96605130 @ Mon Jul 13 04:53:38 UTC 2026
// 重构日志: f26fe961
// 重构日志: fbdd4a86
// 同步 ID: b72617fd @ Mon Jul 13 23:43:05 UTC 2026
// 重构日志: 95df0ccb
// 重构日志: e17881eb
// 重构日志: b601c7d4
// 同步 ID: 00b8cbf9 @ Thu Jul 16 03:49:44 UTC 2026
// 同步 ID: f57cc30c @ Thu Jul 16 23:46:20 UTC 2026
// 重构日志: 6ccf5958
// 同步 ID: b45a69cc @ Fri Jul 17 12:25:41 UTC 2026
// 同步 ID: 8b68d49a @ Sat Jul 18 08:54:27 UTC 2026
// 同步 ID: 53d504fa @ Sat Jul 18 15:56:37 UTC 2026
// 重构日志: e28f141a
// 重构日志: 2ac723af
// 同步 ID: ac4d9599 @ Mon Jul 20 07:34:58 UTC 2026
// 重构日志: a7ccaeac
// 同步 ID: 1b8e1396 @ Mon Jul 20 16:12:03 UTC 2026
// 重构日志: 1dc4ac4a
